<?xml version="1.0" encoding="UTF-8"?>
<testsuite name="lesson1.WeightedQuickUnionTest" tests="7" skipped="0" failures="0" errors="0" timestamp="2018-01-26T16:45:18" hostname="OSTML0231689" time="0.001">
  <properties/>
  <testcase name="test p and q are not connected if their ids are different" classname="lesson1.WeightedQuickUnionTest" time="0.0"/>
  <testcase name="test p and q are connected after union" classname="lesson1.WeightedQuickUnionTest" time="0.0"/>
  <testcase name="test algorithm is transitive" classname="lesson1.WeightedQuickUnionTest" time="0.0"/>
  <testcase name="test algorithm is reflexive" classname="lesson1.WeightedQuickUnionTest" time="0.0"/>
  <testcase name="test algorithm is symmetric" classname="lesson1.WeightedQuickUnionTest" time="0.0"/>
  <testcase name="test p and q are not connected after union" classname="lesson1.WeightedQuickUnionTest" time="0.0"/>
  <testcase name="test p and q are connected iif they have the same id" classname="lesson1.WeightedQuickUnionTest" time="0.001"/>
  <system-out><![CDATA[]]></system-out>
  <system-err><![CDATA[]]></system-err>
</testsuite>
